<testsuites id="" name="" tests="6" failures="0" skipped="0" errors="0" time="9.558620000000001">
<testsuite name="example.spec.ts" timestamp="2026-02-26T04:22:07.249Z" hostname="chromium" tests="2" failures="0" skipped="0" time="8.038" errors="0">
<testcase name="Homepage Tests › login loads successfully" classname="example.spec.ts" time="4.067">
<system-out>
<![CDATA[✅ Login page loaded
]]>
</system-out>
</testcase>
<testcase name="Homepage Tests › about page loads" classname="example.spec.ts" time="3.971">
</testcase>
</testsuite>
<testsuite name="example.spec.ts" timestamp="2026-02-26T04:22:07.249Z" hostname="firefox" tests="2" failures="0" skipped="0" time="3.438" errors="0">
<testcase name="Homepage Tests › login loads successfully" classname="example.spec.ts" time="1.776">
<system-out>
<![CDATA[✅ Login page loaded
]]>
</system-out>
</testcase>
<testcase name="Homepage Tests › about page loads" classname="example.spec.ts" time="1.662">
</testcase>
</testsuite>
<testsuite name="example.spec.ts" timestamp="2026-02-26T04:22:07.249Z" hostname="webkit" tests="2" failures="0" skipped="0" time="1.545" errors="0">
<testcase name="Homepage Tests › login loads successfully" classname="example.spec.ts" time="0.854">
<system-out>
<![CDATA[✅ Login page loaded
]]>
</system-out>
</testcase>
<testcase name="Homepage Tests › about page loads" classname="example.spec.ts" time="0.691">
</testcase>
</testsuite>
</testsuites>